<?xml version="1.0" encoding="UTF-8"?>
<!-- Generated by org.testng.reporters.JUnitReportReporter -->
<testsuite hostname="DESKTOP-I5RB4A6" failures="0" tests="2" name="testNG.Parameter" time="4.800" errors="0" timestamp="2024-05-27T13:06:31 IST" skipped="0">
  <testcase classname="testNG.Parameter" name="AppLaunch" time="2.985"/>
  <testcase classname="testNG.Parameter" name="EnterLoginDetails" time="1.815"/>
</testsuite> <!-- testNG.Parameter -->
