<?xml version="1.0" encoding="UTF-8"?>
<!-- Generated by org.testng.reporters.JUnitReportReporter -->
<testsuite hostname="DESKTOP-I5RB4A6" failures="0" tests="6" name="ultimateQA.SkillsLogin" time="33.443" errors="0" timestamp="2024-05-25T16:51:31 IST" skipped="0">
  <testcase classname="ultimateQA.SkillsLogin" name="AppLaunch" time="10.931"/>
  <system-out/>
  <testcase classname="ultimateQA.SkillsLogin" name="ServicesClick" time="3.687"/>
  <system-out/>
  <testcase classname="ultimateQA.SkillsLogin" name="AboutPageClick" time="3.741"/>
  <system-out/>
  <testcase classname="ultimateQA.SkillsLogin" name="BlogPageClick" time="3.812"/>
  <system-out/>
  <testcase classname="ultimateQA.SkillsLogin" name="DetailsPage" time="0.932"/>
  <system-out/>
  <testcase classname="ultimateQA.SkillsLogin" name="SubmitButton" time="10.340"/>
  <system-out/>
</testsuite> <!-- ultimateQA.SkillsLogin -->
