<?xml version="1.0" encoding="UTF-8"?>
<!-- Generated by org.testng.reporters.JUnitReportReporter -->
<testsuite hostname="DESKTOP-I5RB4A6" failures="0" tests="12" name="testNG.SauceLabs" time="137.769" errors="0" timestamp="2024-05-27T13:06:31 IST" skipped="0">
  <testcase classname="testNG.SauceLabs" name="AppLaunch" time="7.657"/>
  <testcase classname="testNG.SauceLabs" name="EnterLoginDetails" time="0.740"/>
  <testcase classname="testNG.SauceLabs" name="MenuAboutUsClick" time="25.952"/>
  <testcase classname="testNG.SauceLabs" name="SolutionsBetaTesting" time="11.479"/>
  <testcase classname="testNG.SauceLabs" name="SolutionsTestAnalytics" time="12.285"/>
  <testcase classname="testNG.SauceLabs" name="SolutionsDebugging" time="10.633"/>
  <testcase classname="testNG.SauceLabs" name="DevelopersSelenium" time="7.841"/>
  <testcase classname="testNG.SauceLabs" name="DevelopersFAQs" time="11.642"/>
  <testcase classname="testNG.SauceLabs" name="SolutionsCIandCD" time="12.453"/>
  <testcase classname="testNG.SauceLabs" name="SolutionsContinuesTesting" time="10.599"/>
  <testcase classname="testNG.SauceLabs" name="DevelopersDocumentation" time="13.343"/>
  <testcase classname="testNG.SauceLabs" name="DevelopersPlaywright" time="13.145"/>
</testsuite> <!-- testNG.SauceLabs -->
