<?xml version="1.0" encoding="UTF-8"?>
<!-- Generated by org.testng.reporters.JUnitReportReporter -->
<testsuite hostname="DESKTOP-I5RB4A6" failures="0" tests="13" name="testNG.SauceDemo" time="228.617" errors="0" timestamp="2024-05-27T13:06:31 IST" skipped="0">
  <testcase classname="testNG.SauceDemo" name="AppLaunch" time="10.923"/>
  <testcase classname="testNG.SauceDemo" name="EnterLoginDetails" time="1.044"/>
  <testcase classname="testNG.SauceDemo" name="FMenuAboutUsClick" time="11.063"/>
  <testcase classname="testNG.SauceDemo" name="DevelopersCypress" time="20.217"/>
  <testcase classname="testNG.SauceDemo" name="DevelopersAppiumTesting" time="18.992"/>
  <testcase classname="testNG.SauceDemo" name="ResourcesBlog" time="87.707"/>
  <testcase classname="testNG.SauceDemo" name="ResourcesWebinars" time="13.685"/>
  <testcase classname="testNG.SauceDemo" name="ResourcesDatasheets" time="10.629"/>
  <testcase classname="testNG.SauceDemo" name="ResourcesCaseStudy" time="12.465"/>
  <testcase classname="testNG.SauceDemo" name="ResourcesTEIStudy" time="12.700"/>
  <testcase classname="testNG.SauceDemo" name="ResourcesVideo" time="12.368"/>
  <testcase classname="testNG.SauceDemo" name="SearchEngine" time="13.053"/>
  <testcase classname="testNG.SauceDemo" name="TryitNowButton" time="3.771"/>
</testsuite> <!-- testNG.SauceDemo -->
