<?xml version="1.0" encoding="UTF-8"?>
<!-- Generated by org.testng.reporters.JUnitReportReporter -->
<testsuite hostname="DESKTOP-I5RB4A6" failures="0" tests="12" name="testNG.SwagLabs" time="95.878" errors="0" timestamp="2024-05-27T13:06:31 IST" skipped="0">
  <testcase classname="testNG.SwagLabs" name="AppLaunch" time="6.285"/>
  <testcase classname="testNG.SwagLabs" name="EnterLoginDetails" time="0.714"/>
  <testcase classname="testNG.SwagLabs" name="MenuAboutUsClick" time="15.502"/>
  <testcase classname="testNG.SwagLabs" name="ProductsPlatform" time="8.765"/>
  <testcase classname="testNG.SwagLabs" name="ProductsSauceCross" time="10.522"/>
  <testcase classname="testNG.SwagLabs" name="ProductsSauceMobile" time="7.964"/>
  <testcase classname="testNG.SwagLabs" name="ProductsSauceLowCode" time="7.494"/>
  <testcase classname="testNG.SwagLabs" name="ProductsSauceErrorReport" time="8.329"/>
  <testcase classname="testNG.SwagLabs" name="SolutionsEnterprise" time="7.854"/>
  <testcase classname="testNG.SwagLabs" name="SolutionsTeams" time="7.023"/>
  <testcase classname="testNG.SwagLabs" name="SolutionsTestorchestration" time="7.890"/>
  <testcase classname="testNG.SwagLabs" name="SolutionsVisualtesting" time="7.536"/>
</testsuite> <!-- testNG.SwagLabs -->
