<?xml version="1.0" encoding="UTF-8"?>
<!-- Generated by org.testng.reporters.JUnitReportReporter -->
<testsuite hostname="DESKTOP-I5RB4A6" failures="0" tests="1" name="screenshot.CaptureScreenshot" time="12.262" errors="0" timestamp="2024-05-28T14:27:54 IST" skipped="0">
  <testcase classname="screenshot.CaptureScreenshot" name="captureScreenMethod" time="12.262"/>
</testsuite> <!-- screenshot.CaptureScreenshot -->
