<?xml version="1.0" encoding="UTF-8"?>
<!-- Generated by org.testng.reporters.JUnitReportReporter -->
<testsuite hostname="DESKTOP-I5RB4A6" failures="0" tests="8" name="testNG.GroupsTest" time="318.249" errors="0" timestamp="2024-05-22T19:01:18 IST" skipped="0">
  <testcase classname="testNG.GroupsTest" name="ProductsSauceCross" time="56.607"/>
  <system-out/>
  <testcase classname="testNG.GroupsTest" name="ProductsSauceLowCode" time="58.219"/>
  <system-out/>
  <testcase classname="testNG.GroupsTest" name="EnterLoginDetails" time="1.150"/>
  <system-out/>
  <testcase classname="testNG.GroupsTest" name="SolutionsTeams" time="47.630"/>
  <system-out/>
  <testcase classname="testNG.GroupsTest" name="MenuAboutUsClick" time="36.424"/>
  <system-out/>
  <testcase classname="testNG.GroupsTest" name="ProductsSauceErrorReport" time="34.830"/>
  <system-out/>
  <testcase classname="testNG.GroupsTest" name="AppLaunch" time="15.698"/>
  <system-out/>
  <testcase classname="testNG.GroupsTest" name="SolutionsEnterprise" time="67.691"/>
  <system-out/>
</testsuite> <!-- testNG.GroupsTest -->
